-------------------------------------------------------------------------------
Test set: org.hcmus.tis.controller.ProjectControllerTest
-------------------------------------------------------------------------------
Tests run: 1, Failures: 0, Errors: 1, Skipped: 0, Time elapsed: 2.425 sec <<< FAILURE!
testFindProjectsByNameLike(org.hcmus.tis.controller.ProjectControllerTest)  Time elapsed: 0.237 sec  <<< ERROR!
java.lang.IllegalStateException: Entity manager has not been injected (is the Spring Aspects JAR configured as an AJC/AJDT aspects library?)
	at org.hcmus.tis.model.WorkItemContainer_Roo_Jpa_ActiveRecord.entityManager_aroundBody0(WorkItemContainer_Roo_Jpa_ActiveRecord.aj:20)
	at org.hcmus.tis.model.WorkItemContainer_Roo_Jpa_ActiveRecord.ajc$interMethod$org_hcmus_tis_model_WorkItemContainer_Roo_Jpa_ActiveRecord$org_hcmus_tis_model_WorkItemContainer$entityManager(WorkItemContainer_Roo_Jpa_ActiveRecord.aj:1)
	at org.hcmus.tis.model.WorkItemContainer.entityManager(WorkItemContainer.java:1)
	at org.hcmus.tis.model.WorkItemContainer_Roo_Jpa_ActiveRecord.ajc$interMethodDispatch1$org_hcmus_tis_model_WorkItemContainer_Roo_Jpa_ActiveRecord$org_hcmus_tis_model_WorkItemContainer$entityManager(WorkItemContainer_Roo_Jpa_ActiveRecord.aj)
	at org.hcmus.tis.model.Project_Roo_Finder.findProjectsByNameLike_aroundBody0(Project_Roo_Finder.aj:21)
	at org.hcmus.tis.model.Project_Roo_Finder.ajc$interMethod$org_hcmus_tis_model_Project_Roo_Finder$org_hcmus_tis_model_Project$findProjectsByNameLike(Project_Roo_Finder.aj:1)
	at org.hcmus.tis.model.Project.findProjectsByNameLike(Project.java:1)
	at org.hcmus.tis.model.Project_Roo_Finder.ajc$interMethodDispatch1$org_hcmus_tis_model_Project_Roo_Finder$org_hcmus_tis_model_Project$findProjectsByNameLike(Project_Roo_Finder.aj)
	at org.hcmus.tis.controller.ProjectControllerTest.testFindProjectsByNameLike(ProjectControllerTest.java:20)
	at sun.reflect.NativeMethodAccessorImpl.invoke0(Native Method)
	at sun.reflect.NativeMethodAccessorImpl.invoke(NativeMethodAccessorImpl.java:57)
	at sun.reflect.DelegatingMethodAccessorImpl.invoke(DelegatingMethodAccessorImpl.java:43)
	at java.lang.reflect.Method.invoke(Method.java:601)
	at org.junit.internal.runners.TestMethod.invoke(TestMethod.java:66)
	at org.powermock.modules.junit4.internal.impl.PowerMockJUnit44RunnerDelegateImpl$PowerMockJUnit44MethodRunner.runTestMethod(PowerMockJUnit44RunnerDelegateImpl.java:312)
	at org.junit.internal.runners.MethodRoadie$2.run(MethodRoadie.java:86)
	at org.junit.internal.runners.MethodRoadie.runBeforesThenTestThenAfters(MethodRoadie.java:94)
	at org.powermock.modules.junit4.internal.impl.PowerMockJUnit44RunnerDelegateImpl$PowerMockJUnit44MethodRunner.executeTest(PowerMockJUnit44RunnerDelegateImpl.java:296)
	at org.powermock.modules.junit4.internal.impl.PowerMockJUnit44RunnerDelegateImpl$PowerMockJUnit44MethodRunner.runBeforesThenTestThenAfters(PowerMockJUnit44RunnerDelegateImpl.java:284)
	at org.junit.internal.runners.MethodRoadie.runTest(MethodRoadie.java:84)
	at org.junit.internal.runners.MethodRoadie.run(MethodRoadie.java:49)
	at org.powermock.modules.junit4.internal.impl.PowerMockJUnit44RunnerDelegateImpl.invokeTestMethod(PowerMockJUnit44RunnerDelegateImpl.java:209)
	at org.powermock.modules.junit4.internal.impl.PowerMockJUnit44RunnerDelegateImpl.runMethods(PowerMockJUnit44RunnerDelegateImpl.java:148)
	at org.powermock.modules.junit4.internal.impl.PowerMockJUnit44RunnerDelegateImpl$1.run(PowerMockJUnit44RunnerDelegateImpl.java:122)
	at org.junit.internal.runners.ClassRoadie.runUnprotected(ClassRoadie.java:34)
	at org.junit.internal.runners.ClassRoadie.runProtected(ClassRoadie.java:44)
	at org.powermock.modules.junit4.internal.impl.PowerMockJUnit44RunnerDelegateImpl.run(PowerMockJUnit44RunnerDelegateImpl.java:120)
	at org.powermock.modules.junit4.common.internal.impl.JUnit4TestSuiteChunkerImpl.run(JUnit4TestSuiteChunkerImpl.java:102)
	at org.powermock.modules.junit4.common.internal.impl.AbstractCommonPowerMockRunner.run(AbstractCommonPowerMockRunner.java:53)
	at org.powermock.modules.junit4.PowerMockRunner.run(PowerMockRunner.java:42)
	at org.apache.maven.surefire.junit4.JUnit4TestSet.execute(JUnit4TestSet.java:53)
	at org.apache.maven.surefire.junit4.JUnit4Provider.executeTestSet(JUnit4Provider.java:123)
	at org.apache.maven.surefire.junit4.JUnit4Provider.invoke(JUnit4Provider.java:104)
	at sun.reflect.NativeMethodAccessorImpl.invoke0(Native Method)
	at sun.reflect.NativeMethodAccessorImpl.invoke(NativeMethodAccessorImpl.java:57)
	at sun.reflect.DelegatingMethodAccessorImpl.invoke(DelegatingMethodAccessorImpl.java:43)
	at java.lang.reflect.Method.invoke(Method.java:601)
	at org.apache.maven.surefire.util.ReflectionUtils.invokeMethodWithArray(ReflectionUtils.java:164)
	at org.apache.maven.surefire.booter.ProviderFactory$ProviderProxy.invoke(ProviderFactory.java:110)
	at org.apache.maven.surefire.booter.SurefireStarter.invokeProvider(SurefireStarter.java:172)
	at org.apache.maven.surefire.booter.SurefireStarter.runSuitesInProcessWhenForked(SurefireStarter.java:104)
	at org.apache.maven.surefire.booter.ForkedBooter.main(ForkedBooter.java:70)
